
*** Running vivado
    with args -log ALU.vds -m64 -product Vivado -mode batch -messageDb vivado.pb -notrace -source ALU.tcl



****** Vivado v2024.2 (64-bit)
  **** SW Build 5239630 on Fri Nov 08 22:35:27 MST 2024
  **** IP Build 5239520 on Sun Nov 10 16:12:51 MST 2024
  **** SharedData Build 5239561 on Fri Nov 08 14:39:27 MST 2024
  **** Start of session at: Thu Jan 16 15:49:19 2025
    ** Copyright 1986-2022 Xilinx, Inc. All Rights Reserved.
    ** Copyright 2022-2024 Advanced Micro Devices, Inc. All Rights Reserved.

source ALU.tcl -notrace
create_project: Time (s): cpu = 00:00:03 ; elapsed = 00:00:07 . Memory (MB): peak = 366.555 ; gain = 66.688
Command: read_checkpoint -auto_incremental -incremental {C:/Users/JESSE OSEI-SARFOH/vivado_projects/mips_ss_processor/mips_ss_processor.srcs/utils_1/imports/synth_1/TESTBENCH.dcp}
INFO: [Vivado 12-5825] Read reference checkpoint from C:/Users/JESSE OSEI-SARFOH/vivado_projects/mips_ss_processor/mips_ss_processor.srcs/utils_1/imports/synth_1/TESTBENCH.dcp for incremental synthesis
INFO: [Vivado 12-7989] Please ensure there are no constraint changes
Command: synth_design -top ALU -part xa7a12tcpg238-2I
Starting synth_design
Attempting to get a license for feature 'Synthesis' and/or device 'xa7a12t'
INFO: [Common 17-349] Got license for feature 'Synthesis' and/or device 'xa7a12t'
INFO: [Synth 8-7079] Multithreading enabled for synth_design using a maximum of 2 processes.
INFO: [Synth 8-7078] Launching helper process for spawning children vivado processes
INFO: [Synth 8-7075] Helper process launched with PID 14640
---------------------------------------------------------------------------------
Starting Synthesize : Time (s): cpu = 00:00:11 ; elapsed = 00:00:13 . Memory (MB): peak = 846.715 ; gain = 472.004
---------------------------------------------------------------------------------
INFO: [Synth 8-6157] synthesizing module 'ALU' [C:/Users/JESSE OSEI-SARFOH/vivado_projects/mips_ss_processor/mips_ss_processor.srcs/sources_1/imports/modelsim/ALU.sv:2]
INFO: [Synth 8-6157] synthesizing module 'mux2' [C:/Users/JESSE OSEI-SARFOH/vivado_projects/mips_ss_processor/mips_ss_processor.srcs/sources_1/imports/modelsim/mux2.sv:1]
	Parameter width bound to: 32 - type: integer 
INFO: [Synth 8-6155] done synthesizing module 'mux2' (0#1) [C:/Users/JESSE OSEI-SARFOH/vivado_projects/mips_ss_processor/mips_ss_processor.srcs/sources_1/imports/modelsim/mux2.sv:1]
INFO: [Synth 8-6157] synthesizing module 'adder2' [C:/Users/JESSE OSEI-SARFOH/vivado_projects/mips_ss_processor/mips_ss_processor.srcs/sources_1/imports/modelsim/adder2.sv:1]
	Parameter WIDTH bound to: 32 - type: integer 
INFO: [Synth 8-6155] done synthesizing module 'adder2' (0#1) [C:/Users/JESSE OSEI-SARFOH/vivado_projects/mips_ss_processor/mips_ss_processor.srcs/sources_1/imports/modelsim/adder2.sv:1]
INFO: [Synth 8-6157] synthesizing module 'mux4' [C:/Users/JESSE OSEI-SARFOH/vivado_projects/mips_ss_processor/mips_ss_processor.srcs/sources_1/imports/modelsim/mux4.sv:1]
	Parameter width bound to: 32 - type: integer 
INFO: [Synth 8-226] default block is never used [C:/Users/JESSE OSEI-SARFOH/vivado_projects/mips_ss_processor/mips_ss_processor.srcs/sources_1/imports/modelsim/mux4.sv:11]
INFO: [Synth 8-6155] done synthesizing module 'mux4' (0#1) [C:/Users/JESSE OSEI-SARFOH/vivado_projects/mips_ss_processor/mips_ss_processor.srcs/sources_1/imports/modelsim/mux4.sv:1]
INFO: [Synth 8-6155] done synthesizing module 'ALU' (0#1) [C:/Users/JESSE OSEI-SARFOH/vivado_projects/mips_ss_processor/mips_ss_processor.srcs/sources_1/imports/modelsim/ALU.sv:2]
---------------------------------------------------------------------------------
Finished Synthesize : Time (s): cpu = 00:00:14 ; elapsed = 00:00:16 . Memory (MB): peak = 952.160 ; gain = 577.449
---------------------------------------------------------------------------------
---------------------------------------------------------------------------------
Finished Constraint Validation : Time (s): cpu = 00:00:15 ; elapsed = 00:00:17 . Memory (MB): peak = 952.160 ; gain = 577.449
---------------------------------------------------------------------------------
---------------------------------------------------------------------------------
Start Loading Part and Timing Information
---------------------------------------------------------------------------------
Loading part: xa7a12tcpg238-2I
---------------------------------------------------------------------------------
INFO: [Device 21-403] Loading part xa7a12tcpg238-2I
Finished Loading Part and Timing Information : Time (s): cpu = 00:00:15 ; elapsed = 00:00:17 . Memory (MB): peak = 952.160 ; gain = 577.449
---------------------------------------------------------------------------------
---------------------------------------------------------------------------------
Start Preparing Guide Design
---------------------------------------------------------------------------------
CRITICAL WARNING: [Synth 8-6895] The reference checkpoint C:/Users/JESSE OSEI-SARFOH/vivado_projects/mips_ss_processor/mips_ss_processor.srcs/utils_1/imports/synth_1/TESTBENCH.dcp is not suitable for use with incremental synthesis for this design. Please regenerate the checkpoint for this design with -incremental_synth switch in the same Vivado session that synth_design has been run. Synthesis will continue with the default flow
---------------------------------------------------------------------------------
Finished Doing Graph Differ : Time (s): cpu = 00:00:16 ; elapsed = 00:00:17 . Memory (MB): peak = 952.160 ; gain = 577.449
---------------------------------------------------------------------------------
---------------------------------------------------------------------------------
Finished Preparing Guide Design : Time (s): cpu = 00:00:16 ; elapsed = 00:00:17 . Memory (MB): peak = 952.160 ; gain = 577.449
---------------------------------------------------------------------------------
---------------------------------------------------------------------------------
Finished RTL Optimization Phase 2 : Time (s): cpu = 00:00:16 ; elapsed = 00:00:17 . Memory (MB): peak = 952.160 ; gain = 577.449
---------------------------------------------------------------------------------


Incremental Synthesis Report Summary:

1. Incremental synthesis run: no

   Reason for not running incremental synthesis : 


INFO: [Synth 8-7130] Flow is switching to default flow due to incremental criteria not met. If you would like to alter this behaviour and have the flow terminate instead, please set the following parameter config_implementation {autoIncr.Synth.RejectBehavior Terminate}
No constraint files found.
---------------------------------------------------------------------------------
Start RTL Component Statistics 
---------------------------------------------------------------------------------
Detailed RTL Component Info : 
+---Adders : 
	   3 Input   33 Bit       Adders := 1     
+---Muxes : 
	   2 Input   32 Bit        Muxes := 1     
	   4 Input   32 Bit        Muxes := 1     
---------------------------------------------------------------------------------
Finished RTL Component Statistics 
---------------------------------------------------------------------------------
---------------------------------------------------------------------------------
Start Part Resource Summary
---------------------------------------------------------------------------------
Part Resources:
DSPs: 40 (col length:40)
BRAMs: 40 (col length: RAMB18 40 RAMB36 20)
---------------------------------------------------------------------------------
Finished Part Resource Summary
---------------------------------------------------------------------------------
No constraint files found.
---------------------------------------------------------------------------------
Start Cross Boundary and Area Optimization
---------------------------------------------------------------------------------
WARNING: [Synth 8-7080] Parallel synthesis criteria is not met
---------------------------------------------------------------------------------
Finished Cross Boundary and Area Optimization : Time (s): cpu = 00:00:25 ; elapsed = 00:00:39 . Memory (MB): peak = 1185.957 ; gain = 811.246
---------------------------------------------------------------------------------
No constraint files found.
---------------------------------------------------------------------------------
Start Timing Optimization
---------------------------------------------------------------------------------
---------------------------------------------------------------------------------
Finished Timing Optimization : Time (s): cpu = 00:00:25 ; elapsed = 00:00:39 . Memory (MB): peak = 1185.957 ; gain = 811.246
---------------------------------------------------------------------------------
---------------------------------------------------------------------------------
Start Technology Mapping
---------------------------------------------------------------------------------
---------------------------------------------------------------------------------
Finished Technology Mapping : Time (s): cpu = 00:00:25 ; elapsed = 00:00:39 . Memory (MB): peak = 1185.957 ; gain = 811.246
---------------------------------------------------------------------------------
---------------------------------------------------------------------------------
Start IO Insertion
---------------------------------------------------------------------------------
---------------------------------------------------------------------------------
Start Flattening Before IO Insertion
---------------------------------------------------------------------------------
---------------------------------------------------------------------------------
Finished Flattening Before IO Insertion
---------------------------------------------------------------------------------
---------------------------------------------------------------------------------
Start Final Netlist Cleanup
---------------------------------------------------------------------------------
---------------------------------------------------------------------------------
Finished Final Netlist Cleanup
---------------------------------------------------------------------------------
---------------------------------------------------------------------------------
Finished IO Insertion : Time (s): cpu = 00:00:33 ; elapsed = 00:00:48 . Memory (MB): peak = 1331.070 ; gain = 956.359
---------------------------------------------------------------------------------
---------------------------------------------------------------------------------
Start Renaming Generated Instances
---------------------------------------------------------------------------------
---------------------------------------------------------------------------------
Finished Renaming Generated Instances : Time (s): cpu = 00:00:33 ; elapsed = 00:00:48 . Memory (MB): peak = 1331.070 ; gain = 956.359
---------------------------------------------------------------------------------
---------------------------------------------------------------------------------
Start Rebuilding User Hierarchy
---------------------------------------------------------------------------------
---------------------------------------------------------------------------------
Finished Rebuilding User Hierarchy : Time (s): cpu = 00:00:33 ; elapsed = 00:00:48 . Memory (MB): peak = 1331.070 ; gain = 956.359
---------------------------------------------------------------------------------
---------------------------------------------------------------------------------
Start Renaming Generated Ports
---------------------------------------------------------------------------------
---------------------------------------------------------------------------------
Finished Renaming Generated Ports : Time (s): cpu = 00:00:33 ; elapsed = 00:00:48 . Memory (MB): peak = 1331.070 ; gain = 956.359
---------------------------------------------------------------------------------
---------------------------------------------------------------------------------
Start Handling Custom Attributes
---------------------------------------------------------------------------------
---------------------------------------------------------------------------------
Finished Handling Custom Attributes : Time (s): cpu = 00:00:33 ; elapsed = 00:00:48 . Memory (MB): peak = 1331.070 ; gain = 956.359
---------------------------------------------------------------------------------
---------------------------------------------------------------------------------
Start Renaming Generated Nets
---------------------------------------------------------------------------------
---------------------------------------------------------------------------------
Finished Renaming Generated Nets : Time (s): cpu = 00:00:33 ; elapsed = 00:00:48 . Memory (MB): peak = 1331.070 ; gain = 956.359
---------------------------------------------------------------------------------
---------------------------------------------------------------------------------
Start Writing Synthesis Report
---------------------------------------------------------------------------------

Report BlackBoxes: 
+-+--------------+----------+
| |BlackBox name |Instances |
+-+--------------+----------+
+-+--------------+----------+

Report Cell Usage: 
+------+-------+------+
|      |Cell   |Count |
+------+-------+------+
|1     |CARRY4 |     8|
|2     |LUT1   |     1|
|3     |LUT2   |     2|
|4     |LUT3   |    31|
|5     |LUT4   |     4|
|6     |LUT5   |     2|
|7     |LUT6   |    35|
|8     |IBUF   |    67|
|9     |OBUF   |    33|
+------+-------+------+

Report Instance Areas: 
+------+----------+-------+------+
|      |Instance  |Module |Cells |
+------+----------+-------+------+
|1     |top       |       |   183|
|2     |  adder_2 |adder2 |    83|
+------+----------+-------+------+
---------------------------------------------------------------------------------
Finished Writing Synthesis Report : Time (s): cpu = 00:00:33 ; elapsed = 00:00:48 . Memory (MB): peak = 1331.070 ; gain = 956.359
---------------------------------------------------------------------------------
Synthesis finished with 0 errors, 1 critical warnings and 1 warnings.
Synthesis Optimization Runtime : Time (s): cpu = 00:00:33 ; elapsed = 00:00:48 . Memory (MB): peak = 1331.070 ; gain = 956.359
Synthesis Optimization Complete : Time (s): cpu = 00:00:33 ; elapsed = 00:00:48 . Memory (MB): peak = 1331.070 ; gain = 956.359
INFO: [Project 1-571] Translating synthesized netlist
Netlist sorting complete. Time (s): cpu = 00:00:00 ; elapsed = 00:00:00.005 . Memory (MB): peak = 1347.145 ; gain = 0.000
INFO: [Netlist 29-17] Analyzing 8 Unisim elements for replacement
INFO: [Netlist 29-28] Unisim Transformation completed in 0 CPU seconds
INFO: [Project 1-570] Preparing netlist for logic optimization
INFO: [Opt 31-138] Pushed 0 inverter(s) to 0 load pin(s).
Netlist sorting complete. Time (s): cpu = 00:00:00 ; elapsed = 00:00:00 . Memory (MB): peak = 1450.484 ; gain = 0.000
INFO: [Project 1-111] Unisim Transformation Summary:
No Unisim elements were transformed.

Synth Design complete | Checksum: 2399f2c6
INFO: [Common 17-83] Releasing license: Synthesis
24 Infos, 1 Warnings, 1 Critical Warnings and 0 Errors encountered.
synth_design completed successfully
synth_design: Time (s): cpu = 00:00:36 ; elapsed = 00:00:54 . Memory (MB): peak = 1450.484 ; gain = 1081.230
INFO: [runtcl-6] Synthesis results are not added to the cache due to CRITICAL_WARNING
Write ShapeDB Complete: Time (s): cpu = 00:00:00 ; elapsed = 00:00:00.004 . Memory (MB): peak = 1450.484 ; gain = 0.000
INFO: [Common 17-1381] The checkpoint 'C:/Users/JESSE OSEI-SARFOH/vivado_projects/mips_ss_processor/mips_ss_processor.runs/synth_1/ALU.dcp' has been generated.
INFO: [Vivado 12-24828] Executing command : report_utilization -file ALU_utilization_synth.rpt -pb ALU_utilization_synth.pb
INFO: [Common 17-206] Exiting Vivado at Thu Jan 16 15:50:34 2025...
