INFO: [VRFC 10-2263] Analyzing SystemVerilog file "C:/Users/JESSE OSEI-SARFOH/vivado_projects/mips_ss_processor/mips_ss_processor.srcs/sources_1/imports/modelsim/ALU.sv" into library xil_defaultlib
INFO: [VRFC 10-311] analyzing module ALU
INFO: [VRFC 10-2263] Analyzing SystemVerilog file "C:/Users/JESSE OSEI-SARFOH/vivado_projects/mips_ss_processor/mips_ss_processor.srcs/sources_1/imports/modelsim/ALU_decoder.sv" into library xil_defaultlib
INFO: [VRFC 10-311] analyzing module ALU_decoder
INFO: [VRFC 10-2263] Analyzing SystemVerilog file "C:/Users/JESSE OSEI-SARFOH/vivado_projects/mips_ss_processor/mips_ss_processor.srcs/sources_1/imports/modelsim/TOP_LEVEL.sv" into library xil_defaultlib
INFO: [VRFC 10-311] analyzing module top
INFO: [VRFC 10-2263] Analyzing SystemVerilog file "C:/Users/JESSE OSEI-SARFOH/vivado_projects/mips_ss_processor/mips_ss_processor.srcs/sources_1/imports/modelsim/adder.sv" into library xil_defaultlib
INFO: [VRFC 10-311] analyzing module adder
INFO: [VRFC 10-2263] Analyzing SystemVerilog file "C:/Users/JESSE OSEI-SARFOH/vivado_projects/mips_ss_processor/mips_ss_processor.srcs/sources_1/imports/modelsim/adder2.sv" into library xil_defaultlib
INFO: [VRFC 10-311] analyzing module adder2
INFO: [VRFC 10-2263] Analyzing SystemVerilog file "C:/Users/JESSE OSEI-SARFOH/vivado_projects/mips_ss_processor/mips_ss_processor.srcs/sources_1/imports/modelsim/control_unit.sv" into library xil_defaultlib
INFO: [VRFC 10-311] analyzing module control_unit
INFO: [VRFC 10-2263] Analyzing SystemVerilog file "C:/Users/JESSE OSEI-SARFOH/vivado_projects/mips_ss_processor/mips_ss_processor.srcs/sources_1/imports/modelsim/data_memory.sv" into library xil_defaultlib
INFO: [VRFC 10-311] analyzing module data_memory
INFO: [VRFC 10-2263] Analyzing SystemVerilog file "C:/Users/JESSE OSEI-SARFOH/vivado_projects/mips_ss_processor/mips_ss_processor.srcs/sources_1/imports/modelsim/datapath.sv" into library xil_defaultlib
INFO: [VRFC 10-311] analyzing module datapath
INFO: [VRFC 10-2263] Analyzing SystemVerilog file "C:/Users/JESSE OSEI-SARFOH/vivado_projects/mips_ss_processor/mips_ss_processor.srcs/sources_1/imports/modelsim/instruction_memory.sv" into library xil_defaultlib
INFO: [VRFC 10-311] analyzing module instruction_memory
INFO: [VRFC 10-2263] Analyzing SystemVerilog file "C:/Users/JESSE OSEI-SARFOH/vivado_projects/mips_ss_processor/mips_ss_processor.srcs/sources_1/imports/modelsim/main_decoder.sv" into library xil_defaultlib
INFO: [VRFC 10-311] analyzing module main_decoder
INFO: [VRFC 10-2263] Analyzing SystemVerilog file "C:/Users/JESSE OSEI-SARFOH/vivado_projects/mips_ss_processor/mips_ss_processor.srcs/sources_1/imports/modelsim/mips.sv" into library xil_defaultlib
INFO: [VRFC 10-311] analyzing module mips
INFO: [VRFC 10-2263] Analyzing SystemVerilog file "C:/Users/JESSE OSEI-SARFOH/vivado_projects/mips_ss_processor/mips_ss_processor.srcs/sources_1/imports/modelsim/mux2.sv" into library xil_defaultlib
INFO: [VRFC 10-311] analyzing module mux2
INFO: [VRFC 10-2263] Analyzing SystemVerilog file "C:/Users/JESSE OSEI-SARFOH/vivado_projects/mips_ss_processor/mips_ss_processor.srcs/sources_1/imports/modelsim/mux4.sv" into library xil_defaultlib
INFO: [VRFC 10-311] analyzing module mux4
INFO: [VRFC 10-2263] Analyzing SystemVerilog file "C:/Users/JESSE OSEI-SARFOH/vivado_projects/mips_ss_processor/mips_ss_processor.srcs/sources_1/imports/modelsim/register_file.sv" into library xil_defaultlib
INFO: [VRFC 10-311] analyzing module register_file
INFO: [VRFC 10-2263] Analyzing SystemVerilog file "C:/Users/JESSE OSEI-SARFOH/vivado_projects/mips_ss_processor/mips_ss_processor.srcs/sources_1/imports/modelsim/resettable_flipflop.sv" into library xil_defaultlib
INFO: [VRFC 10-311] analyzing module resettable_flipflop
INFO: [VRFC 10-2263] Analyzing SystemVerilog file "C:/Users/JESSE OSEI-SARFOH/vivado_projects/mips_ss_processor/mips_ss_processor.srcs/sources_1/imports/modelsim/sign_extend.sv" into library xil_defaultlib
INFO: [VRFC 10-311] analyzing module sign_extend
INFO: [VRFC 10-2263] Analyzing SystemVerilog file "C:/Users/JESSE OSEI-SARFOH/vivado_projects/mips_ss_processor/mips_ss_processor.srcs/sources_1/imports/modelsim/sl2.sv" into library xil_defaultlib
INFO: [VRFC 10-311] analyzing module sl2
INFO: [VRFC 10-2263] Analyzing SystemVerilog file "C:/Users/JESSE OSEI-SARFOH/vivado_projects/mips_ss_processor/mips_ss_processor.srcs/sources_1/new/TESTBENCH.sv" into library xil_defaultlib
INFO: [VRFC 10-311] analyzing module TESTBENCH
